  stdafx.cpp
  Receiver.cpp
  Sender.cpp
C:\Users\vojta\Desktop\CVUT\2. sem\psia\psia_semest\UDP_Communication_Framework\Sender.h(16,9): warning C4005: BUFFERS_LEN: předefinování makra
  (kompilování zdrojového souboru /Sender.cpp)
      C:\Users\vojta\Desktop\CVUT\2. sem\psia\psia_semest\UDP_Communication_Framework\utils.h(18,9):
      zkontrolujte předchozí definici „BUFFERS_LEN“
  
C:\Users\vojta\Desktop\CVUT\2. sem\psia\psia_semest\UDP_Communication_Framework\Sender.cpp(94,44): warning C4267: =: Převod z: size_t na: int, může dojít ke ztrátě dat.
  (kompilování zdrojového souboru /Sender.cpp)
  
  sha256.cpp
  UDP_Communication_Framework.cpp
C:\Users\vojta\Desktop\CVUT\2. sem\psia\psia_semest\UDP_Communication_Framework\Sender.h(16,9): warning C4005: BUFFERS_LEN: předefinování makra
  (kompilování zdrojového souboru /UDP_Communication_Framework.cpp)
      C:\Users\vojta\Desktop\CVUT\2. sem\psia\psia_semest\UDP_Communication_Framework\utils.h(18,9):
      zkontrolujte předchozí definici „BUFFERS_LEN“
  
C:\Users\vojta\Desktop\CVUT\2. sem\psia\psia_semest\UDP_Communication_Framework\UDP_Communication_Framework.cpp(12,9): warning C4005: BUFFERS_LEN: předefinování makra
  (kompilování zdrojového souboru /UDP_Communication_Framework.cpp)
      C:\Users\vojta\Desktop\CVUT\2. sem\psia\psia_semest\UDP_Communication_Framework\Sender.h(16,9):
      zkontrolujte předchozí definici „BUFFERS_LEN“
  
  utils.cpp
  Generování kódu...
  UDP_Communication_Framework.vcxproj -> C:\Users\vojta\Desktop\CVUT\2. sem\psia\psia_semest\x64\Debug\UDP_Communication_Framework.exe
